0 info it worked if it ends with ok
1 verbose cli [ '/usr/bin/nodejs', '/usr/bin/npm', 'install', 'zmq' ]
2 info using npm@3.5.2
3 info using node@v4.2.6
4 silly loadCurrentTree Starting
5 silly install loadCurrentTree
6 silly install readLocalPackageData
7 silly fetchPackageMetaData zmq
8 silly fetchNamedPackageData zmq
9 silly mapToRegistry name zmq
10 silly mapToRegistry using default registry
11 silly mapToRegistry registry https://registry.npmjs.org/
12 silly mapToRegistry uri https://registry.npmjs.org/zmq
13 verbose request uri https://registry.npmjs.org/zmq
14 verbose request no auth needed
15 info attempt registry request try #1 at 7:26:24 PM
16 verbose request id bb4f1d38c3b48d0c
17 verbose etag "5IU5NI01BOXUQTLLM4IK0GHGG"
18 http request GET https://registry.npmjs.org/zmq
19 http 200 https://registry.npmjs.org/zmq
20 verbose headers { server: 'nginx/1.10.1',
20 verbose headers   'content-type': 'application/json',
20 verbose headers   'last-modified': 'Fri, 11 Nov 2016 09:40:04 GMT',
20 verbose headers   etag: 'W/"582591f4-14150"',
20 verbose headers   'content-encoding': 'gzip',
20 verbose headers   'cache-control': 'max-age=300',
20 verbose headers   'content-length': '8017',
20 verbose headers   'accept-ranges': 'bytes',
20 verbose headers   date: 'Mon, 21 Nov 2016 18:26:25 GMT',
20 verbose headers   via: '1.1 varnish',
20 verbose headers   age: '0',
20 verbose headers   connection: 'keep-alive',
20 verbose headers   'x-served-by': 'cache-ams4422-AMS',
20 verbose headers   'x-cache': 'HIT',
20 verbose headers   'x-cache-hits': '1',
20 verbose headers   'x-timer': 'S1479752785.072025,VS0,VE6',
20 verbose headers   vary: 'Accept-Encoding' }
21 silly get cb [ 200,
21 silly get   { server: 'nginx/1.10.1',
21 silly get     'content-type': 'application/json',
21 silly get     'last-modified': 'Fri, 11 Nov 2016 09:40:04 GMT',
21 silly get     etag: 'W/"582591f4-14150"',
21 silly get     'content-encoding': 'gzip',
21 silly get     'cache-control': 'max-age=300',
21 silly get     'content-length': '8017',
21 silly get     'accept-ranges': 'bytes',
21 silly get     date: 'Mon, 21 Nov 2016 18:26:25 GMT',
21 silly get     via: '1.1 varnish',
21 silly get     age: '0',
21 silly get     connection: 'keep-alive',
21 silly get     'x-served-by': 'cache-ams4422-AMS',
21 silly get     'x-cache': 'HIT',
21 silly get     'x-cache-hits': '1',
21 silly get     'x-timer': 'S1479752785.072025,VS0,VE6',
21 silly get     vary: 'Accept-Encoding' } ]
22 verbose get saving zmq to /home/jiwidi/.npm/registry.npmjs.org/zmq/.cache.json
23 silly install normalizeTree
24 silly loadCurrentTree Finishing
25 silly loadIdealTree Starting
26 silly install loadIdealTree
27 silly cloneCurrentTree Starting
28 silly install cloneCurrentTreeToIdealTree
29 silly cloneCurrentTree Finishing
30 silly loadShrinkwrap Starting
31 silly install loadShrinkwrap
32 silly loadShrinkwrap Finishing
33 silly loadAllDepsIntoIdealTree Starting
34 silly install loadAllDepsIntoIdealTree
35 silly resolveWithNewModule zmq@2.15.3 checking installable status
36 silly cache add args [ 'zmq', null ]
37 verbose cache add spec zmq
38 silly cache add parsed spec Result {
38 silly cache add   raw: 'zmq',
38 silly cache add   scope: null,
38 silly cache add   name: 'zmq',
38 silly cache add   rawSpec: '',
38 silly cache add   spec: 'latest',
38 silly cache add   type: 'tag' }
39 silly addNamed zmq@latest
40 verbose addNamed "latest" is being treated as a dist-tag for zmq
41 info addNameTag [ 'zmq', 'latest' ]
42 silly mapToRegistry name zmq
43 silly mapToRegistry using default registry
44 silly mapToRegistry registry https://registry.npmjs.org/
45 silly mapToRegistry uri https://registry.npmjs.org/zmq
46 verbose addNameTag registry:https://registry.npmjs.org/zmq not in flight; fetching
47 verbose get https://registry.npmjs.org/zmq not expired, no request
48 silly addNameTag next cb for zmq with tag latest
49 silly addNamed zmq@2.15.3
50 verbose addNamed "2.15.3" is a plain semver version for zmq
51 silly cache afterAdd zmq@2.15.3
52 verbose afterAdd /home/jiwidi/.npm/zmq/2.15.3/package/package.json not in flight; writing
53 verbose afterAdd /home/jiwidi/.npm/zmq/2.15.3/package/package.json written
54 silly fetchNamedPackageData nan
55 silly mapToRegistry name nan
56 silly mapToRegistry using default registry
57 silly mapToRegistry registry https://registry.npmjs.org/
58 silly mapToRegistry uri https://registry.npmjs.org/nan
59 silly fetchNamedPackageData bindings
60 silly mapToRegistry name bindings
61 silly mapToRegistry using default registry
62 silly mapToRegistry registry https://registry.npmjs.org/
63 silly mapToRegistry uri https://registry.npmjs.org/bindings
64 verbose request uri https://registry.npmjs.org/nan
65 verbose request no auth needed
66 info attempt registry request try #1 at 7:26:25 PM
67 verbose etag "1YJEPM5V4XH0MZT0HV3B8R9BB"
68 http request GET https://registry.npmjs.org/nan
69 verbose request uri https://registry.npmjs.org/bindings
70 verbose request no auth needed
71 info attempt registry request try #1 at 7:26:25 PM
72 verbose etag "C1AW6UVQGY4VZQGFC1WTIGMDV"
73 http request GET https://registry.npmjs.org/bindings
74 http 200 https://registry.npmjs.org/bindings
75 verbose headers { server: 'nginx/1.10.1',
75 verbose headers   'content-type': 'application/json',
75 verbose headers   'last-modified': 'Tue, 18 Oct 2016 15:54:59 GMT',
75 verbose headers   etag: 'W/"580645d3-46f7"',
75 verbose headers   'content-encoding': 'gzip',
75 verbose headers   'cache-control': 'max-age=300',
75 verbose headers   'content-length': '3493',
75 verbose headers   'accept-ranges': 'bytes',
75 verbose headers   date: 'Mon, 21 Nov 2016 18:26:25 GMT',
75 verbose headers   via: '1.1 varnish',
75 verbose headers   age: '104',
75 verbose headers   connection: 'keep-alive',
75 verbose headers   'x-served-by': 'cache-ams4423-AMS',
75 verbose headers   'x-cache': 'HIT',
75 verbose headers   'x-cache-hits': '1',
75 verbose headers   'x-timer': 'S1479752785.534434,VS0,VE0',
75 verbose headers   vary: 'Accept-Encoding' }
76 silly get cb [ 200,
76 silly get   { server: 'nginx/1.10.1',
76 silly get     'content-type': 'application/json',
76 silly get     'last-modified': 'Tue, 18 Oct 2016 15:54:59 GMT',
76 silly get     etag: 'W/"580645d3-46f7"',
76 silly get     'content-encoding': 'gzip',
76 silly get     'cache-control': 'max-age=300',
76 silly get     'content-length': '3493',
76 silly get     'accept-ranges': 'bytes',
76 silly get     date: 'Mon, 21 Nov 2016 18:26:25 GMT',
76 silly get     via: '1.1 varnish',
76 silly get     age: '104',
76 silly get     connection: 'keep-alive',
76 silly get     'x-served-by': 'cache-ams4423-AMS',
76 silly get     'x-cache': 'HIT',
76 silly get     'x-cache-hits': '1',
76 silly get     'x-timer': 'S1479752785.534434,VS0,VE0',
76 silly get     vary: 'Accept-Encoding' } ]
77 verbose get saving bindings to /home/jiwidi/.npm/registry.npmjs.org/bindings/.cache.json
78 silly resolveWithNewModule bindings@1.2.1 checking installable status
79 silly cache add args [ 'bindings@~1.2.1', null ]
80 verbose cache add spec bindings@~1.2.1
81 silly cache add parsed spec Result {
81 silly cache add   raw: 'bindings@~1.2.1',
81 silly cache add   scope: null,
81 silly cache add   name: 'bindings',
81 silly cache add   rawSpec: '~1.2.1',
81 silly cache add   spec: '>=1.2.1 <1.3.0',
81 silly cache add   type: 'range' }
82 silly addNamed bindings@>=1.2.1 <1.3.0
83 verbose addNamed ">=1.2.1 <1.3.0" is a valid semver range for bindings
84 silly addNameRange { name: 'bindings', range: '>=1.2.1 <1.3.0', hasData: false }
85 silly mapToRegistry name bindings
86 silly mapToRegistry using default registry
87 silly mapToRegistry registry https://registry.npmjs.org/
88 silly mapToRegistry uri https://registry.npmjs.org/bindings
89 verbose addNameRange registry:https://registry.npmjs.org/bindings not in flight; fetching
90 verbose get https://registry.npmjs.org/bindings not expired, no request
91 silly addNameRange number 2 { name: 'bindings', range: '>=1.2.1 <1.3.0', hasData: true }
92 silly addNameRange versions [ 'bindings',
92 silly addNameRange   [ '0.0.1',
92 silly addNameRange     '0.1.0',
92 silly addNameRange     '0.1.1',
92 silly addNameRange     '0.2.0',
92 silly addNameRange     '0.2.1',
92 silly addNameRange     '0.2.2',
92 silly addNameRange     '0.2.3',
92 silly addNameRange     '0.2.4',
92 silly addNameRange     '0.3.0',
92 silly addNameRange     '0.4.0',
92 silly addNameRange     '1.0.0',
92 silly addNameRange     '1.1.0',
92 silly addNameRange     '1.1.1',
92 silly addNameRange     '1.2.0',
92 silly addNameRange     '1.2.1' ] ]
93 silly addNamed bindings@1.2.1
94 verbose addNamed "1.2.1" is a plain semver version for bindings
95 silly cache afterAdd bindings@1.2.1
96 verbose afterAdd /home/jiwidi/.npm/bindings/1.2.1/package/package.json not in flight; writing
97 verbose afterAdd /home/jiwidi/.npm/bindings/1.2.1/package/package.json written
98 http 200 https://registry.npmjs.org/nan
99 verbose headers { server: 'nginx/1.10.1',
99 verbose headers   'content-type': 'application/json',
99 verbose headers   'last-modified': 'Tue, 01 Nov 2016 17:56:25 GMT',
99 verbose headers   etag: 'W/"5818d749-1ce1e"',
99 verbose headers   'content-encoding': 'gzip',
99 verbose headers   'cache-control': 'max-age=300',
99 verbose headers   'content-length': '14063',
99 verbose headers   'accept-ranges': 'bytes',
99 verbose headers   date: 'Mon, 21 Nov 2016 18:26:25 GMT',
99 verbose headers   via: '1.1 varnish',
99 verbose headers   age: '73',
99 verbose headers   connection: 'keep-alive',
99 verbose headers   'x-served-by': 'cache-ams4139-AMS',
99 verbose headers   'x-cache': 'HIT',
99 verbose headers   'x-cache-hits': '1',
99 verbose headers   'x-timer': 'S1479752785.556813,VS0,VE0',
99 verbose headers   vary: 'Accept-Encoding' }
100 silly get cb [ 200,
100 silly get   { server: 'nginx/1.10.1',
100 silly get     'content-type': 'application/json',
100 silly get     'last-modified': 'Tue, 01 Nov 2016 17:56:25 GMT',
100 silly get     etag: 'W/"5818d749-1ce1e"',
100 silly get     'content-encoding': 'gzip',
100 silly get     'cache-control': 'max-age=300',
100 silly get     'content-length': '14063',
100 silly get     'accept-ranges': 'bytes',
100 silly get     date: 'Mon, 21 Nov 2016 18:26:25 GMT',
100 silly get     via: '1.1 varnish',
100 silly get     age: '73',
100 silly get     connection: 'keep-alive',
100 silly get     'x-served-by': 'cache-ams4139-AMS',
100 silly get     'x-cache': 'HIT',
100 silly get     'x-cache-hits': '1',
100 silly get     'x-timer': 'S1479752785.556813,VS0,VE0',
100 silly get     vary: 'Accept-Encoding' } ]
101 verbose get saving nan to /home/jiwidi/.npm/registry.npmjs.org/nan/.cache.json
102 silly resolveWithNewModule nan@2.3.5 checking installable status
103 silly cache add args [ 'nan@~2.3.0', null ]
104 verbose cache add spec nan@~2.3.0
105 silly cache add parsed spec Result {
105 silly cache add   raw: 'nan@~2.3.0',
105 silly cache add   scope: null,
105 silly cache add   name: 'nan',
105 silly cache add   rawSpec: '~2.3.0',
105 silly cache add   spec: '>=2.3.0 <2.4.0',
105 silly cache add   type: 'range' }
106 silly addNamed nan@>=2.3.0 <2.4.0
107 verbose addNamed ">=2.3.0 <2.4.0" is a valid semver range for nan
108 silly addNameRange { name: 'nan', range: '>=2.3.0 <2.4.0', hasData: false }
109 silly mapToRegistry name nan
110 silly mapToRegistry using default registry
111 silly mapToRegistry registry https://registry.npmjs.org/
112 silly mapToRegistry uri https://registry.npmjs.org/nan
113 verbose addNameRange registry:https://registry.npmjs.org/nan not in flight; fetching
114 verbose get https://registry.npmjs.org/nan not expired, no request
115 silly addNameRange number 2 { name: 'nan', range: '>=2.3.0 <2.4.0', hasData: true }
116 silly addNameRange versions [ 'nan',
116 silly addNameRange   [ '0.3.0-wip',
116 silly addNameRange     '0.3.0-wip2',
116 silly addNameRange     '0.3.0',
116 silly addNameRange     '0.3.1',
116 silly addNameRange     '0.3.2',
116 silly addNameRange     '0.4.0',
116 silly addNameRange     '0.4.1',
116 silly addNameRange     '0.4.2',
116 silly addNameRange     '0.4.3',
116 silly addNameRange     '0.4.4',
116 silly addNameRange     '0.5.0',
116 silly addNameRange     '0.5.1',
116 silly addNameRange     '0.5.2',
116 silly addNameRange     '0.6.0',
116 silly addNameRange     '0.7.0',
116 silly addNameRange     '0.7.1',
116 silly addNameRange     '0.8.0',
116 silly addNameRange     '1.0.0',
116 silly addNameRange     '1.1.0',
116 silly addNameRange     '1.1.1',
116 silly addNameRange     '1.1.2',
116 silly addNameRange     '1.2.0',
116 silly addNameRange     '1.3.0',
116 silly addNameRange     '1.4.0',
116 silly addNameRange     '1.4.1',
116 silly addNameRange     '1.5.0',
116 silly addNameRange     '1.4.2',
116 silly addNameRange     '1.4.3',
116 silly addNameRange     '1.5.1',
116 silly addNameRange     '1.5.2',
116 silly addNameRange     '1.6.0',
116 silly addNameRange     '1.5.3',
116 silly addNameRange     '1.6.1',
116 silly addNameRange     '1.6.2',
116 silly addNameRange     '1.7.0',
116 silly addNameRange     '1.8.0',
116 silly addNameRange     '1.8.1',
116 silly addNameRange     '1.8.2',
116 silly addNameRange     '1.8.3',
116 silly addNameRange     '1.8.4',
116 silly addNameRange     '1.9.0',
116 silly addNameRange     '2.0.0',
116 silly addNameRange     '2.0.1',
116 silly addNameRange     '2.0.2',
116 silly addNameRange     '2.0.3',
116 silly addNameRange     '2.0.4',
116 silly addNameRange     '2.0.5',
116 silly addNameRange     '2.0.6',
116 silly addNameRange     '2.0.7',
116 silly addNameRange     '2.0.8',
116 silly addNameRange     '2.0.9',
116 silly addNameRange     '2.1.0',
116 silly addNameRange     '2.2.0',
116 silly addNameRange     '2.2.1',
116 silly addNameRange     '2.3.0',
116 silly addNameRange     '2.3.1',
116 silly addNameRange     '2.3.2',
116 silly addNameRange     '2.3.3',
116 silly addNameRange     '2.3.4',
116 silly addNameRange     '2.3.5',
116 silly addNameRange     '2.4.0' ] ]
117 silly addNamed nan@2.3.5
118 verbose addNamed "2.3.5" is a plain semver version for nan
119 silly cache afterAdd nan@2.3.5
120 verbose afterAdd /home/jiwidi/.npm/nan/2.3.5/package/package.json not in flight; writing
121 verbose afterAdd /home/jiwidi/.npm/nan/2.3.5/package/package.json written
122 silly loadAllDepsIntoIdealTree Finishing
123 silly idealTree:prePrune session1
123 silly idealTree:prePrune ├── bindings@1.2.1
123 silly idealTree:prePrune ├── nan@2.3.5
123 silly idealTree:prePrune └── zmq@2.15.3
124 silly loadIdealTree Finishing
125 silly currentTree session1
126 silly idealTree session1
126 silly idealTree ├── bindings@1.2.1
126 silly idealTree ├── nan@2.3.5
126 silly idealTree └── zmq@2.15.3
127 silly generateActionsToTake Starting
128 silly install generateActionsToTake
129 silly generateActionsToTake Finishing
130 silly diffTrees action count 3
131 silly diffTrees add bindings@1.2.1
132 silly diffTrees add nan@2.3.5
133 silly diffTrees add zmq@2.15.3
134 silly decomposeActions action count 24
135 silly decomposeActions fetch bindings@1.2.1
136 silly decomposeActions extract bindings@1.2.1
137 silly decomposeActions test bindings@1.2.1
138 silly decomposeActions preinstall bindings@1.2.1
139 silly decomposeActions build bindings@1.2.1
140 silly decomposeActions install bindings@1.2.1
141 silly decomposeActions postinstall bindings@1.2.1
142 silly decomposeActions finalize bindings@1.2.1
143 silly decomposeActions fetch nan@2.3.5
144 silly decomposeActions extract nan@2.3.5
145 silly decomposeActions test nan@2.3.5
146 silly decomposeActions preinstall nan@2.3.5
147 silly decomposeActions build nan@2.3.5
148 silly decomposeActions install nan@2.3.5
149 silly decomposeActions postinstall nan@2.3.5
150 silly decomposeActions finalize nan@2.3.5
151 silly decomposeActions fetch zmq@2.15.3
152 silly decomposeActions extract zmq@2.15.3
153 silly decomposeActions test zmq@2.15.3
154 silly decomposeActions preinstall zmq@2.15.3
155 silly decomposeActions build zmq@2.15.3
156 silly decomposeActions install zmq@2.15.3
157 silly decomposeActions postinstall zmq@2.15.3
158 silly decomposeActions finalize zmq@2.15.3
159 silly executeActions Starting
160 silly install executeActions
161 silly doSerial global-install 0
162 silly doParallel fetch 3
163 verbose lock using /home/jiwidi/.npm/_locks/staging-358d101525586688.lock for /home/jiwidi/GITHUB/ETSINF3/TSR/lab2/session1/node_modules/.staging
164 silly doParallel extract 3
165 silly extract bindings@1.2.1
166 silly extract nan@2.3.5
167 silly extract zmq@2.15.3
168 verbose unbuild node_modules/.staging/bindings-7ca1bc7f
169 verbose unbuild node_modules/.staging/nan-d3868e81
170 verbose unbuild node_modules/.staging/zmq-d5eb21e8
171 silly gentlyRm /home/jiwidi/GITHUB/ETSINF3/TSR/lab2/session1/node_modules/.staging/bindings-7ca1bc7f is being purged from base /home/jiwidi/GITHUB/ETSINF3/TSR/lab2/session1
172 verbose gentlyRm don't care about contents; nuking /home/jiwidi/GITHUB/ETSINF3/TSR/lab2/session1/node_modules/.staging/bindings-7ca1bc7f
173 silly gentlyRm /home/jiwidi/GITHUB/ETSINF3/TSR/lab2/session1/node_modules/.staging/nan-d3868e81 is being purged from base /home/jiwidi/GITHUB/ETSINF3/TSR/lab2/session1
174 verbose gentlyRm don't care about contents; nuking /home/jiwidi/GITHUB/ETSINF3/TSR/lab2/session1/node_modules/.staging/nan-d3868e81
175 silly gentlyRm /home/jiwidi/GITHUB/ETSINF3/TSR/lab2/session1/node_modules/.staging/zmq-d5eb21e8 is being purged from base /home/jiwidi/GITHUB/ETSINF3/TSR/lab2/session1
176 verbose gentlyRm don't care about contents; nuking /home/jiwidi/GITHUB/ETSINF3/TSR/lab2/session1/node_modules/.staging/zmq-d5eb21e8
177 verbose tar unpack /home/jiwidi/.npm/bindings/1.2.1/package.tgz
178 verbose tar unpacking to /home/jiwidi/GITHUB/ETSINF3/TSR/lab2/session1/node_modules/.staging/bindings-7ca1bc7f
179 silly gentlyRm /home/jiwidi/GITHUB/ETSINF3/TSR/lab2/session1/node_modules/.staging/bindings-7ca1bc7f is being purged
180 verbose gentlyRm don't care about contents; nuking /home/jiwidi/GITHUB/ETSINF3/TSR/lab2/session1/node_modules/.staging/bindings-7ca1bc7f
181 verbose tar unpack /home/jiwidi/.npm/nan/2.3.5/package.tgz
182 verbose tar unpacking to /home/jiwidi/GITHUB/ETSINF3/TSR/lab2/session1/node_modules/.staging/nan-d3868e81
183 silly gentlyRm /home/jiwidi/GITHUB/ETSINF3/TSR/lab2/session1/node_modules/.staging/nan-d3868e81 is being purged
184 verbose gentlyRm don't care about contents; nuking /home/jiwidi/GITHUB/ETSINF3/TSR/lab2/session1/node_modules/.staging/nan-d3868e81
185 verbose tar unpack /home/jiwidi/.npm/zmq/2.15.3/package.tgz
186 verbose tar unpacking to /home/jiwidi/GITHUB/ETSINF3/TSR/lab2/session1/node_modules/.staging/zmq-d5eb21e8
187 silly gentlyRm /home/jiwidi/GITHUB/ETSINF3/TSR/lab2/session1/node_modules/.staging/zmq-d5eb21e8 is being purged
188 verbose gentlyRm don't care about contents; nuking /home/jiwidi/GITHUB/ETSINF3/TSR/lab2/session1/node_modules/.staging/zmq-d5eb21e8
189 silly gunzTarPerm modes [ '755', '644' ]
190 silly gunzTarPerm modes [ '755', '644' ]
191 silly gunzTarPerm modes [ '755', '644' ]
192 silly gunzTarPerm extractEntry package.json
193 silly gunzTarPerm extractEntry package.json
194 silly gunzTarPerm modified mode [ 'package.json', 436, 420 ]
195 silly gunzTarPerm extractEntry package.json
196 silly gunzTarPerm extractEntry README.md
197 silly gunzTarPerm extractEntry bindings.js
198 silly gunzTarPerm extractEntry README.md
199 silly gunzTarPerm modified mode [ 'README.md', 436, 420 ]
200 silly gunzTarPerm extractEntry .npmignore
201 silly gunzTarPerm extractEntry README.md
202 silly gunzTarPerm extractEntry include_dirs.js
203 silly gunzTarPerm modified mode [ 'include_dirs.js', 436, 420 ]
204 silly gunzTarPerm extractEntry nan_converters.h
205 silly gunzTarPerm modified mode [ 'nan_converters.h', 436, 420 ]
206 silly gunzTarPerm extractEntry LICENSE.md
207 silly gunzTarPerm modified mode [ 'LICENSE.md', 436, 420 ]
208 silly gunzTarPerm extractEntry doc/node_misc.md
209 silly gunzTarPerm modified mode [ 'doc/node_misc.md', 436, 420 ]
210 silly gunzTarPerm extractEntry LICENSE
211 silly gunzTarPerm extractEntry index.js
212 silly gunzTarPerm extractEntry doc/asyncworker.md
213 silly gunzTarPerm modified mode [ 'doc/asyncworker.md', 436, 420 ]
214 silly gunzTarPerm extractEntry binding.gyp
215 silly gunzTarPerm extractEntry Makefile
216 silly gunzTarPerm extractEntry doc/callback.md
217 silly gunzTarPerm modified mode [ 'doc/callback.md', 436, 420 ]
218 silly gunzTarPerm extractEntry doc/converters.md
219 silly gunzTarPerm modified mode [ 'doc/converters.md', 436, 420 ]
220 silly gunzTarPerm extractEntry .travis.yml
221 silly gunzTarPerm extractEntry appveyor.yml
222 silly gunzTarPerm extractEntry doc/errors.md
223 silly gunzTarPerm modified mode [ 'doc/errors.md', 436, 420 ]
224 silly gunzTarPerm extractEntry doc/maybe_types.md
225 silly gunzTarPerm modified mode [ 'doc/maybe_types.md', 436, 420 ]
226 silly gunzTarPerm extractEntry binding.cc
227 silly gunzTarPerm extractEntry examples/dealer_router.js
228 silly gunzTarPerm extractEntry doc/methods.md
229 silly gunzTarPerm modified mode [ 'doc/methods.md', 436, 420 ]
230 silly gunzTarPerm extractEntry doc/new.md
231 silly gunzTarPerm modified mode [ 'doc/new.md', 436, 420 ]
232 silly gentlyRm /home/jiwidi/GITHUB/ETSINF3/TSR/lab2/session1/node_modules/.staging/bindings-7ca1bc7f/node_modules is being purged
233 verbose gentlyRm don't care about contents; nuking /home/jiwidi/GITHUB/ETSINF3/TSR/lab2/session1/node_modules/.staging/bindings-7ca1bc7f/node_modules
234 silly gunzTarPerm extractEntry examples/pub_sub.js
235 silly gunzTarPerm extractEntry examples/push_pull.js
236 silly gunzTarPerm extractEntry doc/buffers.md
237 silly gunzTarPerm modified mode [ 'doc/buffers.md', 436, 420 ]
238 silly gunzTarPerm extractEntry doc/object_wrappers.md
239 silly gunzTarPerm modified mode [ 'doc/object_wrappers.md', 436, 420 ]
240 silly gunzTarPerm extractEntry examples/rep_req.js
241 silly gunzTarPerm extractEntry examples/req_rep.js
242 silly gunzTarPerm extractEntry doc/persistent.md
243 silly gunzTarPerm modified mode [ 'doc/persistent.md', 436, 420 ]
244 silly gunzTarPerm extractEntry doc/scopes.md
245 silly gunzTarPerm modified mode [ 'doc/scopes.md', 436, 420 ]
246 silly gunzTarPerm extractEntry examples/router_dealer.js
247 silly gunzTarPerm extractEntry examples/rpc.js
248 silly gunzTarPerm extractEntry doc/script.md
249 silly gunzTarPerm modified mode [ 'doc/script.md', 436, 420 ]
250 silly gunzTarPerm extractEntry examples/devices/forwarder.js
251 silly gunzTarPerm extractEntry examples/devices/queue.js
252 silly gunzTarPerm extractEntry doc/string_bytes.md
253 silly gunzTarPerm modified mode [ 'doc/string_bytes.md', 436, 420 ]
254 silly gunzTarPerm extractEntry doc/v8_internals.md
255 silly gunzTarPerm modified mode [ 'doc/v8_internals.md', 436, 420 ]
256 silly gunzTarPerm extractEntry examples/devices/streamer.js
257 silly gunzTarPerm extractEntry examples/workers/producer.js
258 silly gunzTarPerm extractEntry examples/workers/worker.js
259 silly gunzTarPerm extractEntry History.md
260 silly gunzTarPerm extractEntry lib/index.js
261 silly gunzTarPerm extractEntry doc/v8_misc.md
262 silly gunzTarPerm modified mode [ 'doc/v8_misc.md', 436, 420 ]
263 silly gunzTarPerm extractEntry nan.h
264 silly gunzTarPerm modified mode [ 'nan.h', 436, 420 ]
265 silly gunzTarPerm extractEntry test/context.js
266 silly gunzTarPerm extractEntry test/socket.monitor.js
267 silly gunzTarPerm extractEntry nan_callbacks.h
268 silly gunzTarPerm modified mode [ 'nan_callbacks.h', 436, 420 ]
269 silly gunzTarPerm extractEntry nan_callbacks_12_inl.h
270 silly gunzTarPerm modified mode [ 'nan_callbacks_12_inl.h', 436, 420 ]
271 silly gunzTarPerm extractEntry nan_callbacks_pre_12_inl.h
272 silly gunzTarPerm modified mode [ 'nan_callbacks_pre_12_inl.h', 436, 420 ]
273 silly gunzTarPerm extractEntry nan_converters_43_inl.h
274 silly gunzTarPerm modified mode [ 'nan_converters_43_inl.h', 436, 420 ]
275 silly gunzTarPerm extractEntry test/socket.pair.js
276 silly gunzTarPerm extractEntry test/socket.pub-sub.js
277 silly gunzTarPerm extractEntry nan_converters_pre_43_inl.h
278 silly gunzTarPerm modified mode [ 'nan_converters_pre_43_inl.h', 436, 420 ]
279 silly gunzTarPerm extractEntry nan_implementation_12_inl.h
280 silly gunzTarPerm modified mode [ 'nan_implementation_12_inl.h', 436, 420 ]
281 silly gunzTarPerm extractEntry nan_implementation_pre_12_inl.h
282 silly gunzTarPerm modified mode [ 'nan_implementation_pre_12_inl.h', 436, 420 ]
283 silly gunzTarPerm extractEntry nan_maybe_43_inl.h
284 silly gunzTarPerm modified mode [ 'nan_maybe_43_inl.h', 436, 420 ]
285 silly gunzTarPerm extractEntry test/socket.messages.js
286 silly gunzTarPerm extractEntry test/exports.js
287 silly gunzTarPerm extractEntry nan_maybe_pre_43_inl.h
288 silly gunzTarPerm modified mode [ 'nan_maybe_pre_43_inl.h', 436, 420 ]
289 silly gunzTarPerm extractEntry nan_new.h
290 silly gunzTarPerm modified mode [ 'nan_new.h', 436, 420 ]
291 silly gunzTarPerm extractEntry test/socket.router.js
292 silly gunzTarPerm extractEntry test/socket.stream.js
293 silly gunzTarPerm extractEntry nan_object_wrap.h
294 silly gunzTarPerm modified mode [ 'nan_object_wrap.h', 436, 420 ]
295 silly gunzTarPerm extractEntry nan_persistent_12_inl.h
296 silly gunzTarPerm modified mode [ 'nan_persistent_12_inl.h', 436, 420 ]
297 silly gunzTarPerm extractEntry test/socket.unbind.js
298 silly gunzTarPerm extractEntry test/socket.xpub-xsub.js
299 silly gunzTarPerm extractEntry nan_persistent_pre_12_inl.h
300 silly gunzTarPerm modified mode [ 'nan_persistent_pre_12_inl.h', 436, 420 ]
301 silly gunzTarPerm extractEntry nan_string_bytes.h
302 silly gunzTarPerm modified mode [ 'nan_string_bytes.h', 436, 420 ]
303 silly gunzTarPerm extractEntry test/socket.js
304 silly gunzTarPerm extractEntry test/socket.zap.js
305 silly gunzTarPerm extractEntry nan_typedarray_contents.h
306 silly gunzTarPerm modified mode [ 'nan_typedarray_contents.h', 436, 420 ]
307 silly gunzTarPerm extractEntry nan_weak.h
308 silly gunzTarPerm modified mode [ 'nan_weak.h', 436, 420 ]
309 silly gunzTarPerm extractEntry test/socket.events.js
310 silly gunzTarPerm extractEntry test/zap.js
311 silly gunzTarPerm extractEntry CHANGELOG.md
312 silly gunzTarPerm modified mode [ 'CHANGELOG.md', 436, 420 ]
313 silly gunzTarPerm extractEntry tools/package.json
314 silly gunzTarPerm modified mode [ 'tools/package.json', 436, 420 ]
315 silly gunzTarPerm extractEntry test/socket.error-callback.js
316 silly gunzTarPerm extractEntry test/zmq_proxy.js
317 silly gunzTarPerm extractEntry tools/README.md
318 silly gunzTarPerm modified mode [ 'tools/README.md', 436, 420 ]
319 silly gunzTarPerm extractEntry tools/1to2.js
320 silly gunzTarPerm modified mode [ 'tools/1to2.js', 509, 493 ]
321 silly gunzTarPerm extractEntry test/zmq_proxy.xpub-xsub.js
322 silly gunzTarPerm extractEntry test/zmq_proxy.push-pull.js
323 silly gunzTarPerm extractEntry test/gc.js
324 silly gunzTarPerm extractEntry test/zmq_proxy.router-dealer.js
325 silly gunzTarPerm extractEntry test/socket.push-pull.js
326 silly gunzTarPerm extractEntry test/zmq_proxy.xrep-xreq.js
327 silly gunzTarPerm extractEntry test/socket.req-rep.js
328 silly gunzTarPerm extractEntry test/mocha.opts
329 silly gunzTarPerm extractEntry .editorconfig
330 silly gunzTarPerm extractEntry perf/local_lat.js
331 silly gunzTarPerm extractEntry perf/local_thr.js
332 silly gunzTarPerm extractEntry perf/remote_lat.js
333 silly gunzTarPerm extractEntry perf/remote_thr.js
334 silly gunzTarPerm extractEntry windows/include/zmq.h
335 silly gunzTarPerm extractEntry windows/include/zmq_utils.h
336 silly gunzTarPerm extractEntry windows/lib/x64/libzmq-v100-mt-4_0_4.dll
337 silly gunzTarPerm extractEntry windows/lib/x64/libzmq-v100-mt-4_0_4.lib
338 silly gunzTarPerm extractEntry windows/lib/x86/libzmq-v100-mt-4_0_4.dll
339 silly gunzTarPerm extractEntry windows/lib/x86/libzmq-v100-mt-4_0_4.lib
340 silly gentlyRm /home/jiwidi/GITHUB/ETSINF3/TSR/lab2/session1/node_modules/.staging/nan-d3868e81/node_modules is being purged
341 verbose gentlyRm don't care about contents; nuking /home/jiwidi/GITHUB/ETSINF3/TSR/lab2/session1/node_modules/.staging/nan-d3868e81/node_modules
342 silly gentlyRm /home/jiwidi/GITHUB/ETSINF3/TSR/lab2/session1/node_modules/.staging/zmq-d5eb21e8/node_modules is being purged
343 verbose gentlyRm don't care about contents; nuking /home/jiwidi/GITHUB/ETSINF3/TSR/lab2/session1/node_modules/.staging/zmq-d5eb21e8/node_modules
344 silly doParallel preinstall 3
345 silly preinstall bindings@1.2.1 /home/jiwidi/GITHUB/ETSINF3/TSR/lab2/session1/node_modules/.staging/bindings-7ca1bc7f
346 info lifecycle bindings@1.2.1~preinstall: bindings@1.2.1
347 silly preinstall nan@2.3.5 /home/jiwidi/GITHUB/ETSINF3/TSR/lab2/session1/node_modules/.staging/nan-d3868e81
348 info lifecycle nan@2.3.5~preinstall: nan@2.3.5
349 silly preinstall zmq@2.15.3 /home/jiwidi/GITHUB/ETSINF3/TSR/lab2/session1/node_modules/.staging/zmq-d5eb21e8
350 info lifecycle zmq@2.15.3~preinstall: zmq@2.15.3
351 silly lifecycle bindings@1.2.1~preinstall: no script for preinstall, continuing
352 silly lifecycle nan@2.3.5~preinstall: no script for preinstall, continuing
353 silly lifecycle zmq@2.15.3~preinstall: no script for preinstall, continuing
354 silly doReverseSerial remove 0
355 silly doSerial move 0
356 silly doSerial finalize 3
357 silly finalize /home/jiwidi/GITHUB/ETSINF3/TSR/lab2/session1/node_modules/bindings
358 silly finalize /home/jiwidi/GITHUB/ETSINF3/TSR/lab2/session1/node_modules/nan
359 silly finalize /home/jiwidi/GITHUB/ETSINF3/TSR/lab2/session1/node_modules/zmq
360 silly doSerial build 3
361 silly build bindings@1.2.1
362 info linkStuff bindings@1.2.1
363 silly linkStuff bindings@1.2.1 has /home/jiwidi/GITHUB/ETSINF3/TSR/lab2/session1/node_modules as its parent node_modules
364 verbose linkBins bindings@1.2.1
365 verbose linkMans bindings@1.2.1
366 silly build nan@2.3.5
367 info linkStuff nan@2.3.5
368 silly linkStuff nan@2.3.5 has /home/jiwidi/GITHUB/ETSINF3/TSR/lab2/session1/node_modules as its parent node_modules
369 verbose linkBins nan@2.3.5
370 verbose linkMans nan@2.3.5
371 silly build zmq@2.15.3
372 info linkStuff zmq@2.15.3
373 silly linkStuff zmq@2.15.3 has /home/jiwidi/GITHUB/ETSINF3/TSR/lab2/session1/node_modules as its parent node_modules
374 verbose linkBins zmq@2.15.3
375 verbose linkMans zmq@2.15.3
376 silly doSerial global-link 0
377 silly doParallel update-linked 0
378 silly doSerial install 3
379 silly install bindings@1.2.1 /home/jiwidi/GITHUB/ETSINF3/TSR/lab2/session1/node_modules/.staging/bindings-7ca1bc7f
380 info lifecycle bindings@1.2.1~install: bindings@1.2.1
381 silly lifecycle bindings@1.2.1~install: no script for install, continuing
382 silly install nan@2.3.5 /home/jiwidi/GITHUB/ETSINF3/TSR/lab2/session1/node_modules/.staging/nan-d3868e81
383 info lifecycle nan@2.3.5~install: nan@2.3.5
384 silly lifecycle nan@2.3.5~install: no script for install, continuing
385 silly install zmq@2.15.3 /home/jiwidi/GITHUB/ETSINF3/TSR/lab2/session1/node_modules/.staging/zmq-d5eb21e8
386 info lifecycle zmq@2.15.3~install: zmq@2.15.3
387 verbose lifecycle zmq@2.15.3~install: unsafe-perm in lifecycle true
388 verbose lifecycle zmq@2.15.3~install: PATH: /usr/share/npm/bin/node-gyp-bin:/home/jiwidi/GITHUB/ETSINF3/TSR/lab2/session1/node_modules/zmq/node_modules/.bin:/home/jiwidi/GITHUB/ETSINF3/TSR/lab2/session1/node_modules/.bin:/usr/local/sbin:/usr/local/bin:/usr/sbin:/usr/bin:/sbin:/bin:/usr/games:/usr/local/games:/snap/bin
389 verbose lifecycle zmq@2.15.3~install: CWD: /home/jiwidi/GITHUB/ETSINF3/TSR/lab2/session1/node_modules/zmq
390 silly lifecycle zmq@2.15.3~install: Args: [ '-c', 'node-gyp rebuild' ]
391 silly lifecycle zmq@2.15.3~install: Returned: code: 1  signal: null
392 info lifecycle zmq@2.15.3~install: Failed to exec install script
393 verbose unlock done using /home/jiwidi/.npm/_locks/staging-358d101525586688.lock for /home/jiwidi/GITHUB/ETSINF3/TSR/lab2/session1/node_modules/.staging
394 silly rollbackFailedOptional Starting
395 silly rollbackFailedOptional Finishing
396 silly runTopLevelLifecycles Starting
397 silly runTopLevelLifecycles Finishing
398 silly install printInstalled
399 warn enoent ENOENT: no such file or directory, open '/home/jiwidi/GITHUB/ETSINF3/TSR/lab2/session1/package.json'
400 warn session1 No description
401 warn session1 No repository field.
402 warn session1 No README data
403 warn session1 No license field.
404 verbose stack Error: zmq@2.15.3 install: `node-gyp rebuild`
404 verbose stack Exit status 1
404 verbose stack     at EventEmitter.<anonymous> (/usr/share/npm/lib/utils/lifecycle.js:232:16)
404 verbose stack     at emitTwo (events.js:87:13)
404 verbose stack     at EventEmitter.emit (events.js:172:7)
404 verbose stack     at ChildProcess.<anonymous> (/usr/share/npm/lib/utils/spawn.js:24:14)
404 verbose stack     at emitTwo (events.js:87:13)
404 verbose stack     at ChildProcess.emit (events.js:172:7)
404 verbose stack     at maybeClose (internal/child_process.js:821:16)
404 verbose stack     at Process.ChildProcess._handle.onexit (internal/child_process.js:211:5)
405 verbose pkgid zmq@2.15.3
406 verbose cwd /home/jiwidi/GITHUB/ETSINF3/TSR/lab2/session1
407 error Linux 4.4.0-21-generic
408 error argv "/usr/bin/nodejs" "/usr/bin/npm" "install" "zmq"
409 error node v4.2.6
410 error npm  v3.5.2
411 error code ELIFECYCLE
412 error zmq@2.15.3 install: `node-gyp rebuild`
412 error Exit status 1
413 error Failed at the zmq@2.15.3 install script 'node-gyp rebuild'.
413 error Make sure you have the latest version of node.js and npm installed.
413 error If you do, this is most likely a problem with the zmq package,
413 error not with npm itself.
413 error Tell the author that this fails on your system:
413 error     node-gyp rebuild
413 error You can get information on how to open an issue for this project with:
413 error     npm bugs zmq
413 error Or if that isn't available, you can get their info via:
413 error     npm owner ls zmq
413 error There is likely additional logging output above.
414 verbose exit [ 1, true ]
